c:\users\mhm\downloads\lets-c-assembly-main\cnasm02\cnasm02\debug\vc143.pdb
c:\users\mhm\downloads\lets-c-assembly-main\cnasm02\cnasm02\debug\vc143.idb
c:\users\mhm\downloads\lets-c-assembly-main\cnasm02\cnasm02\debug\main02.obj
c:\users\mhm\downloads\lets-c-assembly-main\cnasm02\cnasm02\debug\main01.obj
c:\users\mhm\downloads\lets-c-assembly-main\cnasm02\cnasm02\debug\add.obj
c:\users\mhm\downloads\lets-c-assembly-main\cnasm02\cnasm02\debug\addb.obj
c:\users\mhm\downloads\lets-c-assembly-main\cnasm02\cnasm02\debug\memfree.obj
c:\users\mhm\downloads\lets-c-assembly-main\cnasm02\cnasm02\debug\printf.obj
c:\users\mhm\downloads\lets-c-assembly-main\cnasm02\cnasm02\debug\printcpp.obj
c:\users\mhm\downloads\lets-c-assembly-main\cnasm02\debug\cnasm02.pdb
c:\users\mhm\downloads\lets-c-assembly-main\cnasm02\cnasm02\debug\cnasm02.tlog\cl.command.1.tlog
c:\users\mhm\downloads\lets-c-assembly-main\cnasm02\cnasm02\debug\cnasm02.tlog\cl.read.1.tlog
c:\users\mhm\downloads\lets-c-assembly-main\cnasm02\cnasm02\debug\cnasm02.tlog\cl.write.1.tlog
c:\users\mhm\downloads\lets-c-assembly-main\cnasm02\cnasm02\debug\cnasm02.tlog\link-cvtres.read.1.tlog
c:\users\mhm\downloads\lets-c-assembly-main\cnasm02\cnasm02\debug\cnasm02.tlog\link-cvtres.write.1.tlog
c:\users\mhm\downloads\lets-c-assembly-main\cnasm02\cnasm02\debug\cnasm02.tlog\link-rc.read.1.tlog
c:\users\mhm\downloads\lets-c-assembly-main\cnasm02\cnasm02\debug\cnasm02.tlog\link-rc.write.1.tlog
c:\users\mhm\downloads\lets-c-assembly-main\cnasm02\cnasm02\debug\cnasm02.tlog\link.command.1.tlog
c:\users\mhm\downloads\lets-c-assembly-main\cnasm02\cnasm02\debug\cnasm02.tlog\link.read.1.tlog
c:\users\mhm\downloads\lets-c-assembly-main\cnasm02\cnasm02\debug\cnasm02.tlog\link.write.1.tlog
c:\users\mhm\downloads\lets-c-assembly-main\cnasm02\cnasm02\debug\cnasm02.tlog\masm.read.1u.tlog
c:\users\mhm\downloads\lets-c-assembly-main\cnasm02\cnasm02\debug\cnasm02.tlog\masm.write.1u.tlog
